2024-08-24 09:16:22,369 p=5495 u=root n=ansible | PLAY [Provision server] **************************************************************
2024-08-24 09:16:22,395 p=5495 u=root n=ansible | TASK [Gathering Facts] ***************************************************************
2024-08-24 09:16:22,899 p=5495 u=root n=ansible | fatal: [cent0s]: UNREACHABLE! => {"changed": false, "msg": "Failed to connect to the host via ssh: ssh: Could not resolve hostname cent0s: Temporary failure in name resolution", "unreachable": true}
2024-08-24 09:16:23,166 p=5495 u=root n=ansible | fatal: [web1]: UNREACHABLE! => {"changed": false, "msg": "Failed to connect to the host via ssh: vagrant@192.168.22.11: Permission denied (publickey,password).", "unreachable": true}
2024-08-24 09:16:27,936 p=5495 u=root n=ansible | ok: [ubuntunode]
2024-08-24 09:16:28,480 p=5495 u=root n=ansible | ok: [centos]
2024-08-24 09:16:28,526 p=5495 u=root n=ansible | TASK [Install NTP server on Ubuntu] **************************************************
2024-08-24 09:16:28,584 p=5495 u=root n=ansible | skipping: [centos] => (item=git) 
2024-08-24 09:16:28,595 p=5495 u=root n=ansible | skipping: [centos] => (item=wget) 
2024-08-24 09:16:28,604 p=5495 u=root n=ansible | skipping: [centos] => (item=apache) 
2024-08-24 09:16:28,616 p=5495 u=root n=ansible | skipping: [centos] => (item=curl) 
2024-08-24 09:16:28,630 p=5495 u=root n=ansible | skipping: [centos] => (item=chrony) 
2024-08-24 09:16:28,641 p=5495 u=root n=ansible | skipping: [centos]
2024-08-24 09:16:32,230 p=5495 u=root n=ansible | ok: [ubuntunode] => (item=git)
2024-08-24 09:16:35,269 p=5495 u=root n=ansible | ok: [ubuntunode] => (item=wget)
2024-08-24 09:16:38,371 p=5495 u=root n=ansible | failed: [ubuntunode] (item=apache) => {"ansible_loop_var": "item", "changed": false, "item": "apache", "msg": "No package matching 'apache' is available"}
2024-08-24 09:16:41,411 p=5495 u=root n=ansible | ok: [ubuntunode] => (item=curl)
2024-08-24 09:16:44,038 p=5495 u=root n=ansible | ok: [ubuntunode] => (item=chrony)
2024-08-24 09:16:44,057 p=5495 u=root n=ansible | TASK [Install NTP server on CentOS] **************************************************
2024-08-24 09:16:51,515 p=5495 u=root n=ansible | ok: [centos] => (item=git)
2024-08-24 09:16:56,263 p=5495 u=root n=ansible | ok: [centos] => (item=wget)
2024-08-24 09:17:00,684 p=5495 u=root n=ansible | ok: [centos] => (item=httpd)
2024-08-24 09:17:05,276 p=5495 u=root n=ansible | ok: [centos] => (item=curl)
2024-08-24 09:17:52,124 p=5619 u=root n=ansible | PLAY [Provision server] **************************************************************
2024-08-24 09:17:52,174 p=5619 u=root n=ansible | TASK [Gathering Facts] ***************************************************************
2024-08-24 09:17:52,532 p=5619 u=root n=ansible | fatal: [web1]: UNREACHABLE! => {"changed": false, "msg": "Failed to connect to the host via ssh: ssh: Could not resolve hostname web1: Temporary failure in name resolution", "unreachable": true}
2024-08-24 09:17:57,367 p=5619 u=root n=ansible | ok: [ubuntunode]
2024-08-24 09:17:59,847 p=5619 u=root n=ansible | ok: [centos]
2024-08-24 09:17:59,896 p=5619 u=root n=ansible | TASK [Install NTP server on Ubuntu] **************************************************
2024-08-24 09:17:59,949 p=5619 u=root n=ansible | skipping: [centos] => (item=git) 
2024-08-24 09:17:59,970 p=5619 u=root n=ansible | skipping: [centos] => (item=wget) 
2024-08-24 09:17:59,973 p=5619 u=root n=ansible | skipping: [centos] => (item=apache) 
2024-08-24 09:17:59,976 p=5619 u=root n=ansible | skipping: [centos] => (item=curl) 
2024-08-24 09:17:59,978 p=5619 u=root n=ansible | skipping: [centos] => (item=chrony) 
2024-08-24 09:17:59,983 p=5619 u=root n=ansible | skipping: [centos]
2024-08-24 09:18:03,687 p=5619 u=root n=ansible | ok: [ubuntunode] => (item=git)
2024-08-24 09:18:06,765 p=5619 u=root n=ansible | ok: [ubuntunode] => (item=wget)
2024-08-24 09:18:09,817 p=5619 u=root n=ansible | failed: [ubuntunode] (item=apache) => {"ansible_loop_var": "item", "changed": false, "item": "apache", "msg": "No package matching 'apache' is available"}
2024-08-24 09:18:12,812 p=5619 u=root n=ansible | ok: [ubuntunode] => (item=curl)
2024-08-24 09:18:15,840 p=5619 u=root n=ansible | ok: [ubuntunode] => (item=chrony)
2024-08-24 09:18:15,863 p=5619 u=root n=ansible | TASK [Install NTP server on CentOS] **************************************************
2024-08-24 09:18:21,174 p=5619 u=root n=ansible | ok: [centos] => (item=git)
2024-08-24 09:18:25,096 p=5619 u=root n=ansible | ok: [centos] => (item=wget)
2024-08-24 09:18:29,155 p=5619 u=root n=ansible | ok: [centos] => (item=httpd)
2024-08-24 09:18:33,947 p=5619 u=root n=ansible | ok: [centos] => (item=curl)
2024-08-24 09:18:38,722 p=5619 u=root n=ansible | ok: [centos] => (item=chrony)
2024-08-24 09:18:38,759 p=5619 u=root n=ansible | TASK [Start and Enable chronyd service on Debian] ************************************
2024-08-24 09:18:38,820 p=5619 u=root n=ansible | skipping: [centos]
2024-08-24 09:18:38,836 p=5619 u=root n=ansible | TASK [Start and Enable chronyd service on CentOS] ************************************
2024-08-24 09:18:42,120 p=5619 u=root n=ansible | ok: [centos]
2024-08-24 09:18:42,136 p=5619 u=root n=ansible | TASK [Add group] *********************************************************************
2024-08-24 09:21:08,064 p=5768 u=root n=ansible | PLAY [Provision server] **************************************************************
2024-08-24 09:21:08,151 p=5768 u=root n=ansible | TASK [Gathering Facts] ***************************************************************
2024-08-24 09:21:08,499 p=5768 u=root n=ansible | fatal: [web1]: UNREACHABLE! => {"changed": false, "msg": "Failed to connect to the host via ssh: ssh: Could not resolve hostname web1: Temporary failure in name resolution", "unreachable": true}
2024-08-24 09:21:08,708 p=5768 u=root n=ansible | fatal: [ansible_user=vagrant]: UNREACHABLE! => {"changed": false, "msg": "Failed to connect to the host via ssh: ssh: Could not resolve hostname ansible_user=vagrant: Name or service not known", "unreachable": true}
2024-08-24 09:21:13,211 p=5768 u=root n=ansible | ok: [ubuntunode]
2024-08-24 09:21:13,788 p=5768 u=root n=ansible | ok: [centos]
2024-08-24 09:21:13,841 p=5768 u=root n=ansible | TASK [Install NTP server on Ubuntu] **************************************************
2024-08-24 09:21:13,886 p=5768 u=root n=ansible | skipping: [centos] => (item=git) 
2024-08-24 09:21:13,912 p=5768 u=root n=ansible | skipping: [centos] => (item=wget) 
2024-08-24 09:21:13,916 p=5768 u=root n=ansible | skipping: [centos] => (item=apache2) 
2024-08-24 09:21:13,921 p=5768 u=root n=ansible | skipping: [centos] => (item=curl) 
2024-08-24 09:21:13,929 p=5768 u=root n=ansible | skipping: [centos] => (item=chrony) 
2024-08-24 09:21:13,934 p=5768 u=root n=ansible | skipping: [centos]
2024-08-24 09:21:17,459 p=5768 u=root n=ansible | ok: [ubuntunode] => (item=git)
2024-08-24 09:21:20,456 p=5768 u=root n=ansible | ok: [ubuntunode] => (item=wget)
2024-08-24 09:21:23,640 p=5768 u=root n=ansible | ok: [ubuntunode] => (item=apache2)
2024-08-24 09:21:26,823 p=5768 u=root n=ansible | ok: [ubuntunode] => (item=curl)
2024-08-24 09:21:29,985 p=5768 u=root n=ansible | ok: [ubuntunode] => (item=chrony)
2024-08-24 09:21:30,005 p=5768 u=root n=ansible | TASK [Install NTP server on CentOS] **************************************************
2024-08-24 09:21:30,092 p=5768 u=root n=ansible | skipping: [ubuntunode] => (item=git) 
2024-08-24 09:21:30,107 p=5768 u=root n=ansible | skipping: [ubuntunode] => (item=wget) 
2024-08-24 09:21:30,120 p=5768 u=root n=ansible | skipping: [ubuntunode] => (item=httpd) 
2024-08-24 09:21:30,125 p=5768 u=root n=ansible | skipping: [ubuntunode] => (item=curl) 
2024-08-24 09:21:30,130 p=5768 u=root n=ansible | skipping: [ubuntunode] => (item=chrony) 
2024-08-24 09:21:30,133 p=5768 u=root n=ansible | skipping: [ubuntunode]
2024-08-24 09:21:34,397 p=5768 u=root n=ansible | ok: [centos] => (item=git)
2024-08-24 09:21:38,747 p=5768 u=root n=ansible | ok: [centos] => (item=wget)
2024-08-24 09:21:42,715 p=5768 u=root n=ansible | ok: [centos] => (item=httpd)
2024-08-24 09:21:47,346 p=5768 u=root n=ansible | ok: [centos] => (item=curl)
2024-08-24 09:21:54,583 p=5768 u=root n=ansible | ok: [centos] => (item=chrony)
2024-08-24 09:21:54,611 p=5768 u=root n=ansible | TASK [Start and Enable chronyd service on Debian] ************************************
2024-08-24 09:21:54,662 p=5768 u=root n=ansible | skipping: [centos]
2024-08-24 09:21:56,809 p=5768 u=root n=ansible | ok: [ubuntunode]
2024-08-24 09:21:56,823 p=5768 u=root n=ansible | TASK [Start and Enable chronyd service on CentOS] ************************************
2024-08-24 09:21:56,899 p=5768 u=root n=ansible | skipping: [ubuntunode]
2024-08-24 09:21:59,823 p=5768 u=root n=ansible | ok: [centos]
2024-08-24 09:21:59,839 p=5768 u=root n=ansible | TASK [Add group] *********************************************************************
2024-08-24 09:22:01,336 p=5768 u=root n=ansible | ok: [ubuntunode]
2024-08-24 09:22:02,308 p=5768 u=root n=ansible | ok: [centos]
2024-08-24 09:22:02,323 p=5768 u=root n=ansible | TASK [Add users] *********************************************************************
2024-08-24 09:22:04,012 p=5768 u=root n=ansible | ok: [ubuntunode] => (item=student1)
2024-08-24 09:22:04,869 p=5768 u=root n=ansible | ok: [centos] => (item=student1)
2024-08-24 09:22:05,104 p=5768 u=root n=ansible | ok: [ubuntunode] => (item=student2)
2024-08-24 09:22:06,245 p=5768 u=root n=ansible | ok: [ubuntunode] => (item=student3)
2024-08-24 09:22:07,284 p=5768 u=root n=ansible | ok: [centos] => (item=student2)
2024-08-24 09:22:07,458 p=5768 u=root n=ansible | ok: [ubuntunode] => (item=student4)
2024-08-24 09:22:09,708 p=5768 u=root n=ansible | ok: [centos] => (item=student3)
2024-08-24 09:22:12,134 p=5768 u=root n=ansible | ok: [centos] => (item=student4)
2024-08-24 09:22:12,165 p=5768 u=root n=ansible | TASK [Add banner file] ***************************************************************
2024-08-24 09:22:14,721 p=5768 u=root n=ansible | ok: [ubuntunode]
2024-08-24 09:22:16,067 p=5768 u=root n=ansible | ok: [centos]
2024-08-24 09:22:16,083 p=5768 u=root n=ansible | TASK [Update sshd config file] *******************************************************
2024-08-24 09:22:17,527 p=5768 u=root n=ansible | ok: [ubuntunode]
2024-08-24 09:22:18,410 p=5768 u=root n=ansible | ok: [centos]
2024-08-24 09:22:18,427 p=5768 u=root n=ansible | TASK [Deploy chrony config file for CentOS] ******************************************
2024-08-24 09:22:18,521 p=5768 u=root n=ansible | skipping: [ubuntunode]
2024-08-24 09:22:20,754 p=5768 u=root n=ansible | changed: [centos]
2024-08-24 09:22:20,771 p=5768 u=root n=ansible | TASK [Deploy chrony config file for Ubuntu] ******************************************
2024-08-24 09:22:20,813 p=5768 u=root n=ansible | skipping: [centos]
2024-08-24 09:22:21,956 p=5768 u=root n=ansible | changed: [ubuntunode]
2024-08-24 09:22:22,041 p=5768 u=root n=ansible | RUNNING HANDLER [Restart chronyd service on Debian] **********************************
2024-08-24 09:22:23,600 p=5768 u=root n=ansible | changed: [ubuntunode]
2024-08-24 09:22:23,615 p=5768 u=root n=ansible | RUNNING HANDLER [Restart chronyd service on CentOS] **********************************
2024-08-24 09:22:26,207 p=5768 u=root n=ansible | changed: [centos]
2024-08-24 09:22:26,255 p=5768 u=root n=ansible | PLAY RECAP ***************************************************************************
2024-08-24 09:22:26,258 p=5768 u=root n=ansible | ansible_user=vagrant       : ok=0    changed=0    unreachable=1    failed=0    skipped=0    rescued=0    ignored=0   
2024-08-24 09:22:26,258 p=5768 u=root n=ansible | centos                     : ok=9    changed=2    unreachable=0    failed=0    skipped=3    rescued=0    ignored=0   
2024-08-24 09:22:26,258 p=5768 u=root n=ansible | ubuntunode                 : ok=9    changed=2    unreachable=0    failed=0    skipped=3    rescued=0    ignored=0   
2024-08-24 09:22:26,258 p=5768 u=root n=ansible | web1                       : ok=0    changed=0    unreachable=1    failed=0    skipped=0    rescued=0    ignored=0   
2024-08-24 09:23:10,003 p=6055 u=root n=ansible | PLAY [Provision server] **************************************************************
2024-08-24 09:23:10,026 p=6055 u=root n=ansible | TASK [Gathering Facts] ***************************************************************
2024-08-24 09:23:10,167 p=6055 u=root n=ansible | fatal: [ansible_user=vagrant]: UNREACHABLE! => {"changed": false, "msg": "Failed to connect to the host via ssh: ssh: Could not resolve hostname ansible_user=vagrant: Name or service not known", "unreachable": true}
2024-08-24 09:23:14,081 p=6055 u=root n=ansible | ok: [ubuntunode]
2024-08-24 09:23:16,049 p=6055 u=root n=ansible | ok: [centos]
2024-08-24 09:23:16,096 p=6055 u=root n=ansible | TASK [Install NTP server on Ubuntu] **************************************************
2024-08-24 09:23:16,178 p=6055 u=root n=ansible | skipping: [centos] => (item=git) 
2024-08-24 09:23:16,187 p=6055 u=root n=ansible | skipping: [centos] => (item=wget) 
2024-08-24 09:23:16,211 p=6055 u=root n=ansible | skipping: [centos] => (item=apache2) 
2024-08-24 09:23:16,223 p=6055 u=root n=ansible | skipping: [centos] => (item=curl) 
2024-08-24 09:23:16,227 p=6055 u=root n=ansible | skipping: [centos] => (item=chrony) 
2024-08-24 09:23:16,231 p=6055 u=root n=ansible | skipping: [centos]
2024-08-24 09:23:19,784 p=6055 u=root n=ansible | ok: [ubuntunode] => (item=git)
2024-08-24 09:23:22,643 p=6055 u=root n=ansible | ok: [ubuntunode] => (item=wget)
2024-08-24 09:23:25,755 p=6055 u=root n=ansible | ok: [ubuntunode] => (item=apache2)
2024-08-24 09:23:29,036 p=6055 u=root n=ansible | ok: [ubuntunode] => (item=curl)
2024-08-24 09:23:32,198 p=6055 u=root n=ansible | ok: [ubuntunode] => (item=chrony)
2024-08-24 09:23:32,220 p=6055 u=root n=ansible | TASK [Install NTP server on CentOS] **************************************************
2024-08-24 09:23:32,263 p=6055 u=root n=ansible | skipping: [ubuntunode] => (item=git) 
2024-08-24 09:23:32,280 p=6055 u=root n=ansible | skipping: [ubuntunode] => (item=wget) 
2024-08-24 09:23:32,283 p=6055 u=root n=ansible | skipping: [ubuntunode] => (item=httpd) 
2024-08-24 09:23:32,288 p=6055 u=root n=ansible | skipping: [ubuntunode] => (item=curl) 
2024-08-24 09:23:32,296 p=6055 u=root n=ansible | skipping: [ubuntunode] => (item=chrony) 
2024-08-24 09:23:32,301 p=6055 u=root n=ansible | skipping: [ubuntunode]
2024-08-24 09:23:37,366 p=6055 u=root n=ansible | ok: [centos] => (item=git)
2024-08-24 09:23:41,389 p=6055 u=root n=ansible | ok: [centos] => (item=wget)
2024-08-24 09:23:45,619 p=6055 u=root n=ansible | ok: [centos] => (item=httpd)
2024-08-24 09:23:49,287 p=6055 u=root n=ansible | ok: [centos] => (item=curl)
2024-08-24 09:23:53,540 p=6055 u=root n=ansible | ok: [centos] => (item=chrony)
2024-08-24 09:23:53,570 p=6055 u=root n=ansible | TASK [Start and Enable chronyd service on Debian] ************************************
2024-08-24 09:23:53,657 p=6055 u=root n=ansible | skipping: [centos]
2024-08-24 09:23:55,758 p=6055 u=root n=ansible | ok: [ubuntunode]
2024-08-24 09:23:55,775 p=6055 u=root n=ansible | TASK [Start and Enable chronyd service on CentOS] ************************************
2024-08-24 09:23:55,814 p=6055 u=root n=ansible | skipping: [ubuntunode]
2024-08-24 09:23:58,455 p=6055 u=root n=ansible | ok: [centos]
2024-08-24 09:23:58,473 p=6055 u=root n=ansible | TASK [Add group] *********************************************************************
2024-08-24 09:23:59,831 p=6055 u=root n=ansible | ok: [ubuntunode]
2024-08-24 09:24:00,768 p=6055 u=root n=ansible | ok: [centos]
2024-08-24 09:24:00,787 p=6055 u=root n=ansible | TASK [Add users] *********************************************************************
2024-08-24 09:24:02,461 p=6055 u=root n=ansible | ok: [ubuntunode] => (item=student1)
2024-08-24 09:24:03,294 p=6055 u=root n=ansible | ok: [centos] => (item=student1)
2024-08-24 09:24:03,529 p=6055 u=root n=ansible | ok: [ubuntunode] => (item=student2)
2024-08-24 09:24:04,665 p=6055 u=root n=ansible | ok: [ubuntunode] => (item=student3)
2024-08-24 09:24:05,589 p=6055 u=root n=ansible | ok: [centos] => (item=student2)
2024-08-24 09:24:05,785 p=6055 u=root n=ansible | ok: [ubuntunode] => (item=student4)
2024-08-24 09:24:07,797 p=6055 u=root n=ansible | ok: [centos] => (item=student3)
2024-08-24 09:24:09,844 p=6055 u=root n=ansible | ok: [centos] => (item=student4)
2024-08-24 09:24:09,872 p=6055 u=root n=ansible | TASK [Add banner file] ***************************************************************
2024-08-24 09:24:12,240 p=6055 u=root n=ansible | ok: [ubuntunode]
2024-08-24 09:24:13,509 p=6055 u=root n=ansible | ok: [centos]
2024-08-24 09:24:13,527 p=6055 u=root n=ansible | TASK [Update sshd config file] *******************************************************
2024-08-24 09:24:14,843 p=6055 u=root n=ansible | ok: [ubuntunode]
2024-08-24 09:24:15,650 p=6055 u=root n=ansible | ok: [centos]
2024-08-24 09:24:15,670 p=6055 u=root n=ansible | TASK [Deploy chrony config file for CentOS] ******************************************
2024-08-24 09:24:15,705 p=6055 u=root n=ansible | skipping: [ubuntunode]
2024-08-24 09:24:17,788 p=6055 u=root n=ansible | changed: [centos]
2024-08-24 09:24:17,803 p=6055 u=root n=ansible | TASK [Deploy chrony config file for Ubuntu] ******************************************
2024-08-24 09:24:17,860 p=6055 u=root n=ansible | skipping: [centos]
2024-08-24 09:24:18,845 p=6055 u=root n=ansible | changed: [ubuntunode]
2024-08-24 09:24:18,896 p=6055 u=root n=ansible | RUNNING HANDLER [Restart chronyd service on Debian] **********************************
2024-08-24 09:24:20,258 p=6055 u=root n=ansible | changed: [ubuntunode]
2024-08-24 09:24:20,283 p=6055 u=root n=ansible | RUNNING HANDLER [Restart chronyd service on CentOS] **********************************
2024-08-24 09:24:23,005 p=6055 u=root n=ansible | changed: [centos]
2024-08-24 09:24:23,053 p=6055 u=root n=ansible | PLAY RECAP ***************************************************************************
2024-08-24 09:24:23,056 p=6055 u=root n=ansible | ansible_user=vagrant       : ok=0    changed=0    unreachable=1    failed=0    skipped=0    rescued=0    ignored=0   
2024-08-24 09:24:23,056 p=6055 u=root n=ansible | centos                     : ok=9    changed=2    unreachable=0    failed=0    skipped=3    rescued=0    ignored=0   
2024-08-24 09:24:23,056 p=6055 u=root n=ansible | ubuntunode                 : ok=9    changed=2    unreachable=0    failed=0    skipped=3    rescued=0    ignored=0   
2024-08-24 09:27:42,249 p=6342 u=root n=ansible | PLAY [Provision server] **************************************************************
2024-08-24 09:27:42,271 p=6342 u=root n=ansible | TASK [Gathering Facts] ***************************************************************
2024-08-24 09:27:42,456 p=6342 u=root n=ansible | fatal: [ansible_user=vagrant]: UNREACHABLE! => {"changed": false, "msg": "Failed to connect to the host via ssh: ssh: Could not resolve hostname ansible_user=vagrant: Name or service not known", "unreachable": true}
2024-08-24 09:27:46,639 p=6342 u=root n=ansible | ok: [ubuntu2204]
2024-08-24 09:27:47,221 p=6342 u=root n=ansible | ok: [centos8]
2024-08-24 09:27:47,275 p=6342 u=root n=ansible | TASK [Install NTP server on Ubuntu] **************************************************
2024-08-24 09:27:47,357 p=6342 u=root n=ansible | skipping: [centos8] => (item=git) 
2024-08-24 09:27:47,365 p=6342 u=root n=ansible | skipping: [centos8] => (item=wget) 
2024-08-24 09:27:47,372 p=6342 u=root n=ansible | skipping: [centos8] => (item=apache2) 
2024-08-24 09:27:47,380 p=6342 u=root n=ansible | skipping: [centos8] => (item=curl) 
2024-08-24 09:27:47,390 p=6342 u=root n=ansible | skipping: [centos8] => (item=chrony) 
2024-08-24 09:27:47,399 p=6342 u=root n=ansible | skipping: [centos8]
2024-08-24 09:27:50,543 p=6342 u=root n=ansible | ok: [ubuntu2204] => (item=git)
2024-08-24 09:27:53,133 p=6342 u=root n=ansible | ok: [ubuntu2204] => (item=wget)
2024-08-24 09:27:55,972 p=6342 u=root n=ansible | ok: [ubuntu2204] => (item=apache2)
2024-08-24 09:27:58,975 p=6342 u=root n=ansible | ok: [ubuntu2204] => (item=curl)
2024-08-24 09:28:01,756 p=6342 u=root n=ansible | ok: [ubuntu2204] => (item=chrony)
2024-08-24 09:28:01,782 p=6342 u=root n=ansible | TASK [Install NTP server on CentOS] **************************************************
2024-08-24 09:28:01,825 p=6342 u=root n=ansible | skipping: [ubuntu2204] => (item=git) 
2024-08-24 09:28:01,848 p=6342 u=root n=ansible | skipping: [ubuntu2204] => (item=wget) 
2024-08-24 09:28:01,855 p=6342 u=root n=ansible | skipping: [ubuntu2204] => (item=httpd) 
2024-08-24 09:28:01,858 p=6342 u=root n=ansible | skipping: [ubuntu2204] => (item=curl) 
2024-08-24 09:28:01,861 p=6342 u=root n=ansible | skipping: [ubuntu2204] => (item=chrony) 
2024-08-24 09:28:01,864 p=6342 u=root n=ansible | skipping: [ubuntu2204]
2024-08-24 09:28:08,587 p=6342 u=root n=ansible | ok: [centos8] => (item=git)
2024-08-24 09:28:12,429 p=6342 u=root n=ansible | ok: [centos8] => (item=wget)
2024-08-24 09:28:16,154 p=6342 u=root n=ansible | ok: [centos8] => (item=httpd)
2024-08-24 09:28:22,340 p=6342 u=root n=ansible | ok: [centos8] => (item=curl)
2024-08-24 09:28:28,006 p=6342 u=root n=ansible | ok: [centos8] => (item=chrony)
2024-08-24 09:28:28,039 p=6342 u=root n=ansible | TASK [Start and Enable chronyd service on Debian] ************************************
2024-08-24 09:28:28,406 p=6342 u=root n=ansible | skipping: [centos8]
2024-08-24 09:28:30,917 p=6342 u=root n=ansible | ok: [ubuntu2204]
2024-08-24 09:28:30,931 p=6342 u=root n=ansible | TASK [Start and Enable chronyd service on CentOS] ************************************
2024-08-24 09:28:30,973 p=6342 u=root n=ansible | skipping: [ubuntu2204]
2024-08-24 09:28:33,471 p=6342 u=root n=ansible | ok: [centos8]
2024-08-24 09:28:33,487 p=6342 u=root n=ansible | TASK [Add group] *********************************************************************
2024-08-24 09:28:36,548 p=6342 u=root n=ansible | ok: [ubuntu2204]
2024-08-24 09:28:37,277 p=6342 u=root n=ansible | ok: [centos8]
2024-08-24 09:28:37,292 p=6342 u=root n=ansible | TASK [Add users] *********************************************************************
2024-08-24 09:28:38,842 p=6342 u=root n=ansible | ok: [ubuntu2204] => (item=student1)
2024-08-24 09:28:40,224 p=6342 u=root n=ansible | ok: [centos8] => (item=student1)
2024-08-24 09:28:40,922 p=6342 u=root n=ansible | ok: [ubuntu2204] => (item=student2)
2024-08-24 09:28:42,785 p=6342 u=root n=ansible | ok: [ubuntu2204] => (item=student3)
2024-08-24 09:28:43,825 p=6342 u=root n=ansible | ok: [ubuntu2204] => (item=student4)
2024-08-24 09:28:44,512 p=6342 u=root n=ansible | ok: [centos8] => (item=student2)
2024-08-24 09:28:46,821 p=6342 u=root n=ansible | ok: [centos8] => (item=student3)
2024-08-24 09:28:49,379 p=6342 u=root n=ansible | ok: [centos8] => (item=student4)
2024-08-24 09:28:49,402 p=6342 u=root n=ansible | TASK [Add banner file] ***************************************************************
2024-08-24 09:28:52,016 p=6342 u=root n=ansible | ok: [ubuntu2204]
2024-08-24 09:28:53,120 p=6342 u=root n=ansible | ok: [centos8]
2024-08-24 09:28:53,134 p=6342 u=root n=ansible | TASK [Update sshd config file] *******************************************************
2024-08-24 09:28:54,513 p=6342 u=root n=ansible | ok: [ubuntu2204]
2024-08-24 09:28:55,299 p=6342 u=root n=ansible | ok: [centos8]
2024-08-24 09:28:55,317 p=6342 u=root n=ansible | TASK [Deploy chrony config file for CentOS] ******************************************
2024-08-24 09:28:55,360 p=6342 u=root n=ansible | skipping: [ubuntu2204]
2024-08-24 09:28:57,866 p=6342 u=root n=ansible | changed: [centos8]
2024-08-24 09:28:57,885 p=6342 u=root n=ansible | TASK [Deploy chrony config file for Ubuntu] ******************************************
2024-08-24 09:28:57,972 p=6342 u=root n=ansible | skipping: [centos8]
2024-08-24 09:28:58,887 p=6342 u=root n=ansible | changed: [ubuntu2204]
2024-08-24 09:28:58,931 p=6342 u=root n=ansible | RUNNING HANDLER [Restart chronyd service on Debian] **********************************
2024-08-24 09:29:00,192 p=6342 u=root n=ansible | changed: [ubuntu2204]
2024-08-24 09:29:00,213 p=6342 u=root n=ansible | RUNNING HANDLER [Restart chronyd service on CentOS] **********************************
2024-08-24 09:29:03,227 p=6342 u=root n=ansible | changed: [centos8]
2024-08-24 09:29:03,318 p=6342 u=root n=ansible | PLAY RECAP ***************************************************************************
2024-08-24 09:29:03,320 p=6342 u=root n=ansible | ansible_user=vagrant       : ok=0    changed=0    unreachable=1    failed=0    skipped=0    rescued=0    ignored=0   
2024-08-24 09:29:03,321 p=6342 u=root n=ansible | centos8                    : ok=9    changed=2    unreachable=0    failed=0    skipped=3    rescued=0    ignored=0   
2024-08-24 09:29:03,322 p=6342 u=root n=ansible | ubuntu2204                 : ok=9    changed=2    unreachable=0    failed=0    skipped=3    rescued=0    ignored=0   
2024-08-24 09:32:07,619 p=6634 u=root n=ansible | PLAY [Provision server] **************************************************************
2024-08-24 09:32:07,663 p=6634 u=root n=ansible | TASK [Gathering Facts] ***************************************************************
2024-08-24 09:32:07,851 p=6634 u=root n=ansible | fatal: [ansible_user=vagrant]: UNREACHABLE! => {"changed": false, "msg": "Failed to connect to the host via ssh: ssh: Could not resolve hostname ansible_user=vagrant: Name or service not known", "unreachable": true}
2024-08-24 09:32:12,675 p=6634 u=root n=ansible | ok: [ubuntu2204]
2024-08-24 09:32:13,229 p=6634 u=root n=ansible | ok: [centos8]
2024-08-24 09:32:13,274 p=6634 u=root n=ansible | TASK [Install NTP server on Ubuntu] **************************************************
2024-08-24 09:32:13,348 p=6634 u=root n=ansible | skipping: [centos8] => (item=git) 
2024-08-24 09:32:13,360 p=6634 u=root n=ansible | skipping: [centos8] => (item=wget) 
2024-08-24 09:32:13,370 p=6634 u=root n=ansible | skipping: [centos8] => (item=apache2) 
2024-08-24 09:32:13,384 p=6634 u=root n=ansible | skipping: [centos8] => (item=curl) 
2024-08-24 09:32:13,399 p=6634 u=root n=ansible | skipping: [centos8] => (item=chrony) 
2024-08-24 09:32:13,401 p=6634 u=root n=ansible | skipping: [centos8]
2024-08-24 09:32:25,569 p=6634 u=root n=ansible | ok: [ubuntu2204] => (item=git)
2024-08-24 09:32:33,811 p=6634 u=root n=ansible | ok: [ubuntu2204] => (item=wget)
2024-08-24 09:32:41,050 p=6634 u=root n=ansible | ok: [ubuntu2204] => (item=apache2)
2024-08-24 09:32:48,097 p=6634 u=root n=ansible | ok: [ubuntu2204] => (item=curl)
2024-08-24 09:32:55,259 p=6634 u=root n=ansible | ok: [ubuntu2204] => (item=chrony)
2024-08-24 09:32:55,287 p=6634 u=root n=ansible | TASK [Install NTP server on CentOS] **************************************************
2024-08-24 09:32:55,356 p=6634 u=root n=ansible | skipping: [ubuntu2204] => (item=git) 
2024-08-24 09:32:55,362 p=6634 u=root n=ansible | skipping: [ubuntu2204] => (item=wget) 
2024-08-24 09:32:55,367 p=6634 u=root n=ansible | skipping: [ubuntu2204] => (item=httpd) 
2024-08-24 09:32:55,369 p=6634 u=root n=ansible | skipping: [ubuntu2204] => (item=curl) 
2024-08-24 09:32:55,372 p=6634 u=root n=ansible | skipping: [ubuntu2204] => (item=chrony) 
2024-08-24 09:32:55,375 p=6634 u=root n=ansible | skipping: [ubuntu2204]
2024-08-24 09:32:59,756 p=6634 u=root n=ansible | ok: [centos8] => (item=git)
2024-08-24 09:33:03,702 p=6634 u=root n=ansible | ok: [centos8] => (item=wget)
2024-08-24 09:33:07,891 p=6634 u=root n=ansible | ok: [centos8] => (item=httpd)
2024-08-24 09:33:13,163 p=6634 u=root n=ansible | ok: [centos8] => (item=curl)
2024-08-24 09:33:17,639 p=6634 u=root n=ansible | ok: [centos8] => (item=chrony)
2024-08-24 09:33:17,668 p=6634 u=root n=ansible | TASK [Start and Enable chronyd service on Debian] ************************************
2024-08-24 09:33:17,747 p=6634 u=root n=ansible | skipping: [centos8]
2024-08-24 09:33:19,776 p=6634 u=root n=ansible | ok: [ubuntu2204]
2024-08-24 09:33:19,792 p=6634 u=root n=ansible | TASK [Start and Enable chronyd service on CentOS] ************************************
2024-08-24 09:33:19,837 p=6634 u=root n=ansible | skipping: [ubuntu2204]
2024-08-24 09:33:22,823 p=6634 u=root n=ansible | ok: [centos8]
2024-08-24 09:33:22,844 p=6634 u=root n=ansible | TASK [Add group] *********************************************************************
2024-08-24 09:33:24,360 p=6634 u=root n=ansible | ok: [ubuntu2204]
2024-08-24 09:33:25,463 p=6634 u=root n=ansible | ok: [centos8]
2024-08-24 09:33:25,478 p=6634 u=root n=ansible | TASK [Add users] *********************************************************************
2024-08-24 09:33:27,110 p=6634 u=root n=ansible | ok: [ubuntu2204] => (item=student1)
2024-08-24 09:33:28,077 p=6634 u=root n=ansible | ok: [centos8] => (item=student1)
2024-08-24 09:33:28,412 p=6634 u=root n=ansible | ok: [ubuntu2204] => (item=student2)
2024-08-24 09:33:29,581 p=6634 u=root n=ansible | ok: [ubuntu2204] => (item=student3)
2024-08-24 09:33:30,423 p=6634 u=root n=ansible | ok: [centos8] => (item=student2)
2024-08-24 09:33:30,793 p=6634 u=root n=ansible | ok: [ubuntu2204] => (item=student4)
2024-08-24 09:33:32,687 p=6634 u=root n=ansible | ok: [centos8] => (item=student3)
2024-08-24 09:33:35,051 p=6634 u=root n=ansible | ok: [centos8] => (item=student4)
2024-08-24 09:33:35,078 p=6634 u=root n=ansible | TASK [Add banner file] ***************************************************************
2024-08-24 09:33:37,658 p=6634 u=root n=ansible | ok: [ubuntu2204]
2024-08-24 09:33:38,933 p=6634 u=root n=ansible | ok: [centos8]
2024-08-24 09:33:38,961 p=6634 u=root n=ansible | TASK [Update sshd config file] *******************************************************
2024-08-24 09:33:40,469 p=6634 u=root n=ansible | ok: [ubuntu2204]
2024-08-24 09:33:41,327 p=6634 u=root n=ansible | ok: [centos8]
2024-08-24 09:33:41,350 p=6634 u=root n=ansible | TASK [Deploy chrony config file for CentOS] ******************************************
2024-08-24 09:33:41,406 p=6634 u=root n=ansible | skipping: [ubuntu2204]
2024-08-24 09:33:45,757 p=6634 u=root n=ansible | changed: [centos8]
2024-08-24 09:33:45,775 p=6634 u=root n=ansible | TASK [Deploy chrony config file for Ubuntu] ******************************************
2024-08-24 09:33:45,866 p=6634 u=root n=ansible | skipping: [centos8]
2024-08-24 09:33:47,938 p=6634 u=root n=ansible | changed: [ubuntu2204]
2024-08-24 09:33:47,996 p=6634 u=root n=ansible | RUNNING HANDLER [Restart chronyd service on Debian] **********************************
2024-08-24 09:33:49,690 p=6634 u=root n=ansible | changed: [ubuntu2204]
2024-08-24 09:33:49,709 p=6634 u=root n=ansible | RUNNING HANDLER [Restart chronyd service on CentOS] **********************************
2024-08-24 09:33:52,580 p=6634 u=root n=ansible | changed: [centos8]
2024-08-24 09:33:52,624 p=6634 u=root n=ansible | PLAY RECAP ***************************************************************************
2024-08-24 09:33:52,630 p=6634 u=root n=ansible | ansible_user=vagrant       : ok=0    changed=0    unreachable=1    failed=0    skipped=0    rescued=0    ignored=0   
2024-08-24 09:33:52,631 p=6634 u=root n=ansible | centos8                    : ok=9    changed=2    unreachable=0    failed=0    skipped=3    rescued=0    ignored=0   
2024-08-24 09:33:52,634 p=6634 u=root n=ansible | ubuntu2204                 : ok=9    changed=2    unreachable=0    failed=0    skipped=3    rescued=0    ignored=0   
2024-08-24 09:34:35,560 p=6949 u=root n=ansible | PLAY [Provision server] **************************************************************
2024-08-24 09:34:35,580 p=6949 u=root n=ansible | TASK [Gathering Facts] ***************************************************************
2024-08-24 09:34:40,429 p=6949 u=root n=ansible | ok: [ubuntu2204]
2024-08-24 09:34:42,390 p=6949 u=root n=ansible | ok: [centos8]
2024-08-24 09:34:42,447 p=6949 u=root n=ansible | TASK [Install NTP server on Ubuntu] **************************************************
2024-08-24 09:34:42,539 p=6949 u=root n=ansible | skipping: [centos8] => (item=git) 
2024-08-24 09:34:42,543 p=6949 u=root n=ansible | skipping: [centos8] => (item=wget) 
2024-08-24 09:34:42,566 p=6949 u=root n=ansible | skipping: [centos8] => (item=apache2) 
2024-08-24 09:34:42,575 p=6949 u=root n=ansible | skipping: [centos8] => (item=curl) 
2024-08-24 09:34:42,586 p=6949 u=root n=ansible | skipping: [centos8] => (item=chrony) 
2024-08-24 09:34:42,590 p=6949 u=root n=ansible | skipping: [centos8]
2024-08-24 09:34:46,033 p=6949 u=root n=ansible | ok: [ubuntu2204] => (item=git)
2024-08-24 09:34:49,102 p=6949 u=root n=ansible | ok: [ubuntu2204] => (item=wget)
2024-08-24 09:34:52,257 p=6949 u=root n=ansible | ok: [ubuntu2204] => (item=apache2)
2024-08-24 09:34:55,335 p=6949 u=root n=ansible | ok: [ubuntu2204] => (item=curl)
2024-08-24 09:34:58,361 p=6949 u=root n=ansible | ok: [ubuntu2204] => (item=chrony)
2024-08-24 09:34:58,381 p=6949 u=root n=ansible | TASK [Install NTP server on CentOS] **************************************************
2024-08-24 09:34:58,428 p=6949 u=root n=ansible | skipping: [ubuntu2204] => (item=git) 
2024-08-24 09:34:58,445 p=6949 u=root n=ansible | skipping: [ubuntu2204] => (item=wget) 
2024-08-24 09:34:58,449 p=6949 u=root n=ansible | skipping: [ubuntu2204] => (item=httpd) 
2024-08-24 09:34:58,451 p=6949 u=root n=ansible | skipping: [ubuntu2204] => (item=curl) 
2024-08-24 09:34:58,460 p=6949 u=root n=ansible | skipping: [ubuntu2204] => (item=chrony) 
2024-08-24 09:34:58,463 p=6949 u=root n=ansible | skipping: [ubuntu2204]
2024-08-24 09:35:02,755 p=6949 u=root n=ansible | ok: [centos8] => (item=git)
2024-08-24 09:35:07,354 p=6949 u=root n=ansible | ok: [centos8] => (item=wget)
2024-08-24 09:35:17,067 p=7039 u=root n=ansible | PLAY [Provision server] **************************************************************
2024-08-24 09:35:17,093 p=7039 u=root n=ansible | TASK [Gathering Facts] ***************************************************************
2024-08-24 09:35:21,498 p=7039 u=root n=ansible | ok: [ubuntu2204]
2024-08-24 09:35:23,747 p=7039 u=root n=ansible | ok: [centos8]
2024-08-24 09:35:23,804 p=7039 u=root n=ansible | TASK [Install NTP server on Ubuntu] **************************************************
2024-08-24 09:35:23,916 p=7039 u=root n=ansible | skipping: [centos8] => (item=git) 
2024-08-24 09:35:23,927 p=7039 u=root n=ansible | skipping: [centos8] => (item=wget) 
2024-08-24 09:35:23,934 p=7039 u=root n=ansible | skipping: [centos8] => (item=apache2) 
2024-08-24 09:35:23,942 p=7039 u=root n=ansible | skipping: [centos8] => (item=curl) 
2024-08-24 09:35:23,952 p=7039 u=root n=ansible | skipping: [centos8] => (item=chrony) 
2024-08-24 09:35:23,962 p=7039 u=root n=ansible | skipping: [centos8]
2024-08-24 09:35:32,098 p=7039 u=root n=ansible | ok: [ubuntu2204] => (item=git)
2024-08-24 09:35:39,344 p=7039 u=root n=ansible | ok: [ubuntu2204] => (item=wget)
2024-08-24 09:35:46,545 p=7039 u=root n=ansible | ok: [ubuntu2204] => (item=apache2)
2024-08-24 09:35:53,816 p=7039 u=root n=ansible | ok: [ubuntu2204] => (item=curl)
2024-08-24 09:36:00,936 p=7039 u=root n=ansible | ok: [ubuntu2204] => (item=chrony)
2024-08-24 09:36:00,965 p=7039 u=root n=ansible | TASK [Install NTP server on CentOS] **************************************************
2024-08-24 09:36:01,011 p=7039 u=root n=ansible | skipping: [ubuntu2204] => (item=git) 
2024-08-24 09:36:01,022 p=7039 u=root n=ansible | skipping: [ubuntu2204] => (item=wget) 
2024-08-24 09:36:01,033 p=7039 u=root n=ansible | skipping: [ubuntu2204] => (item=httpd) 
2024-08-24 09:36:01,042 p=7039 u=root n=ansible | skipping: [ubuntu2204] => (item=curl) 
2024-08-24 09:36:01,052 p=7039 u=root n=ansible | skipping: [ubuntu2204] => (item=chrony) 
2024-08-24 09:36:01,059 p=7039 u=root n=ansible | skipping: [ubuntu2204]
2024-08-24 09:36:05,374 p=7039 u=root n=ansible | ok: [centos8] => (item=git)
2024-08-24 09:36:09,816 p=7039 u=root n=ansible | ok: [centos8] => (item=wget)
2024-08-24 09:36:13,893 p=7039 u=root n=ansible | ok: [centos8] => (item=httpd)
2024-08-24 09:36:17,639 p=7039 u=root n=ansible | ok: [centos8] => (item=curl)
2024-08-24 09:36:21,868 p=7039 u=root n=ansible | ok: [centos8] => (item=chrony)
2024-08-24 09:36:21,901 p=7039 u=root n=ansible | TASK [Start and Enable chronyd service on Debian] ************************************
2024-08-24 09:36:21,985 p=7039 u=root n=ansible | skipping: [centos8]
2024-08-24 09:36:24,105 p=7039 u=root n=ansible | ok: [ubuntu2204]
2024-08-24 09:36:24,124 p=7039 u=root n=ansible | TASK [Start and Enable chronyd service on CentOS] ************************************
2024-08-24 09:36:24,164 p=7039 u=root n=ansible | skipping: [ubuntu2204]
2024-08-24 09:36:27,106 p=7039 u=root n=ansible | ok: [centos8]
2024-08-24 09:36:27,122 p=7039 u=root n=ansible | TASK [Add group] *********************************************************************
2024-08-24 09:36:28,515 p=7039 u=root n=ansible | ok: [ubuntu2204]
2024-08-24 09:36:29,430 p=7039 u=root n=ansible | ok: [centos8]
2024-08-24 09:36:29,456 p=7039 u=root n=ansible | TASK [Add users] *********************************************************************
2024-08-24 09:36:31,193 p=7039 u=root n=ansible | ok: [ubuntu2204] => (item=student1)
2024-08-24 09:36:32,260 p=7039 u=root n=ansible | ok: [centos8] => (item=student1)
2024-08-24 09:36:32,345 p=7039 u=root n=ansible | ok: [ubuntu2204] => (item=student2)
2024-08-24 09:36:33,497 p=7039 u=root n=ansible | ok: [ubuntu2204] => (item=student3)
2024-08-24 09:36:34,591 p=7039 u=root n=ansible | ok: [centos8] => (item=student2)
2024-08-24 09:36:34,636 p=7039 u=root n=ansible | ok: [ubuntu2204] => (item=student4)
2024-08-24 09:36:36,871 p=7039 u=root n=ansible | ok: [centos8] => (item=student3)
2024-08-24 09:36:39,053 p=7039 u=root n=ansible | ok: [centos8] => (item=student4)
2024-08-24 09:36:39,073 p=7039 u=root n=ansible | TASK [Add banner file] ***************************************************************
2024-08-24 09:36:41,765 p=7039 u=root n=ansible | ok: [ubuntu2204]
2024-08-24 09:36:42,994 p=7039 u=root n=ansible | ok: [centos8]
2024-08-24 09:36:43,012 p=7039 u=root n=ansible | TASK [Update sshd config file] *******************************************************
2024-08-24 09:36:44,597 p=7039 u=root n=ansible | ok: [ubuntu2204]
2024-08-24 09:36:45,377 p=7039 u=root n=ansible | ok: [centos8]
2024-08-24 09:36:45,397 p=7039 u=root n=ansible | TASK [Deploy chrony config file for CentOS] ******************************************
2024-08-24 09:36:45,432 p=7039 u=root n=ansible | skipping: [ubuntu2204]
2024-08-24 09:36:49,561 p=7039 u=root n=ansible | ok: [centos8]
2024-08-24 09:36:49,580 p=7039 u=root n=ansible | TASK [Deploy chrony config file for Ubuntu] ******************************************
2024-08-24 09:36:49,652 p=7039 u=root n=ansible | skipping: [centos8]
2024-08-24 09:36:51,454 p=7039 u=root n=ansible | ok: [ubuntu2204]
2024-08-24 09:36:51,539 p=7039 u=root n=ansible | PLAY RECAP ***************************************************************************
2024-08-24 09:36:51,539 p=7039 u=root n=ansible | centos8                    : ok=8    changed=0    unreachable=0    failed=0    skipped=3    rescued=0    ignored=0   
2024-08-24 09:36:51,540 p=7039 u=root n=ansible | ubuntu2204                 : ok=8    changed=0    unreachable=0    failed=0    skipped=3    rescued=0    ignored=0   
